<?xml version="1.0" encoding="UTF-8"?>
<testng-results skipped="0" failed="0" ignored="0" total="0" passed="0">
  <reporter-output>
  </reporter-output>
  <suite name="tests.ArticleTests" duration-ms="11" started-at="2022-05-17T21:23:52 MSK" finished-at="2022-05-17T21:23:52 MSK">
    <groups>
    </groups>
    <test name="Command line test" duration-ms="11" started-at="2022-05-17T21:23:52 MSK" finished-at="2022-05-17T21:23:52 MSK">
    </test> <!-- Command line test -->
  </suite> <!-- tests.ArticleTests -->
</testng-results>
